build/app/outputs/mapping/release/seeds.txt
com.xplore24.ekottro.MainActivity: MainActivity()
com.xplore24.ekottro.MainActivity
...
android.support.v4.os.ResultReceiver: android.os.Parcelable$Creator CREATOR
androidx.lifecycle.ProcessLifecycleOwnerInitializer: ProcessLifecycleOwnerInitializer()
com.google.firebase.firestore.proto.WriteBatch: int batchId_
com.google.android.datatransport.cct.internal.NetworkConnectionInfo$MobileSubtype: com.google.android.datatransport.cct.internal.NetworkConnectionInfo$MobileSubtype[] values()
com.google.firebase.firestore.MetadataChanges: com.google.firebase.firestore.MetadataChanges valueOf(java.lang.String)
androidx.appcompat.widget.Toolbar: int getPopupTheme()
androidx.appcompat.widget.LinearLayoutCompat: int getBaselineAlignedChildIndex()
androidx.fragment.app.FragmentActivity: FragmentActivity()
com.google.protobuf.Timestamp: com.google.protobuf.Timestamp DEFAULT_INSTANCE
androidx.media.AudioAttributesImplBase
com.google.firebase.firestore.proto.UnknownDocument: com.google.protobuf.Parser PARSER
io.grpc.internal.KeepAliveManager$State: io.grpc.internal.KeepAliveManager$State valueOf(java.lang.String)
com.google.zxing.BarcodeFormat: com.google.zxing.BarcodeFormat valueOf(java.lang.String)
com.google.android.gms.internal.firebase-auth-api.zzim
androidx.appcompat.widget.AppCompatButton: void setCustomSelectionActionModeCallback(android.view.ActionMode$Callback)
me.carda.awesome_notifications.notifications.enumeratos.NotificationSource: me.carda.awesome_notifications.notifications.enumeratos.NotificationSource valueOf(java.lang.String)
com.google.firestore.v1.DocumentTransform$FieldTransform$TransformTypeCase: com.google.firestore.v1.DocumentTransform$FieldTransform$TransformTypeCase valueOf(java.lang.String)
io.flutter.embedding.engine.FlutterJNI: void asyncWaitForVsync(long)
androidx.appcompat.widget.AppCompatTextView: int getAutoSizeMaxTextSize()
com.google.firestore.v1.DocumentMask: com.google.protobuf.Parser PARSER
com.google.android.gms.internal.firebase-auth-api.zzhq: com.google.android.gms.internal.firebase-auth-api.zzhq[] values()
com.google.firebase.installations.FirebaseInstallationsException$Status: com.google.firebase.installations.FirebaseInstallationsException$Status[] values()
androidx.core.widget.NestedScrollView: int getScrollRange()
com.google.firestore.v1.CommitRequest: com.google.protobuf.ByteString transaction_
androidx.appcompat.widget.LinearLayoutCompat: void setMeasureWithLargestChildEnabled(boolean)
com.google.firebase.firestore.proto.Target
io.flutter.embedding.engine.FlutterJNI: void prefetchDefaultFontManager()
io.flutter.view.AccessibilityViewEmbedder: void setFlutterNodeParent(android.view.accessibility.AccessibilityNodeInfo,android.view.View,android.view.accessibility.AccessibilityNodeInfo)
io.flutter.plugin.editing.ImeSyncDeferringInsetsCallback: int deferredInsetTypes
com.google.rpc.Status: java.lang.String message_
com.google.firebase.firestore.core.OnlineState: com.google.firebase.firestore.core.OnlineState valueOf(java.lang.String)
io.flutter.embedding.engine.systemchannels.PlatformChannel$Brightness: io.flutter.embedding.engine.systemchannels.PlatformChannel$Brightness[] values()
io.flutter.embedding.engine.FlutterJNI: io.flutter.embedding.engine.FlutterJNI$AsyncWaitForVsyncDelegate asyncWaitForVsyncDelegate
com.google.firestore.v1.CommitRequest: int DATABASE_FIELD_NUMBER
com.google.android.gms.common.SupportErrorDialogFragment
androidx.lifecycle.ReportFragment$LifecycleCallbacks: void onActivityPostStarted(android.app.Activity)
io.flutter.embedding.engine.renderer.SurfaceTextureWrapper: void updateTexImage()
com.google.android.gms.internal.firebase-auth-api.zzgm: com.google.android.gms.internal.firebase-auth-api.zzgm zzb
com.bumptech.glide.request.RequestCoordinator$RequestState: com.bumptech.glide.request.RequestCoordinator$RequestState valueOf(java.lang.String)
io.flutter.plugins.GeneratedPluginRegistrant