build/app/outputs/mapping/release/mapping.txt
# compiler: R8
# compiler_version: 2.1.75
# min_api: 23
# pg_map_id: 1870e2e
# common_typos_disable
...
io.grpc.internal.JndiResourceResolverFactory -> f.b.k1.w0:
    java.lang.Throwable JNDI_UNAVAILABILITY_CAUSE -> a
    io.grpc.internal.DnsNameResolver$ResourceResolver newResourceResolver() -> a
    java.lang.Throwable unavailabilityCause() -> b
    java.lang.Throwable access$000() -> c
    java.lang.Throwable initJndi() -> d
io.grpc.internal.JndiResourceResolverFactory$JndiRecordFetcher -> f.b.k1.w0$a:
    java.util.List getAllRecords(java.lang.String,java.lang.String) -> a
    void checkAvailable() -> b
    void closeThenThrow(javax.naming.NamingEnumeration,javax.naming.NamingException) -> c
    void closeThenThrow(javax.naming.directory.DirContext,javax.naming.NamingException) -> d
io.grpc.internal.JndiResourceResolverFactory$JndiResourceResolver -> f.b.k1.w0$b:
    java.util.regex.Pattern whitespace -> c
    io.grpc.internal.JndiResourceResolverFactory$RecordFetcher recordFetcher -> a
    java.util.logging.Logger logger -> b
    java.util.List resolveSrv(io.grpc.internal.DnsNameResolver$AddressResolver,java.lang.String) -> a
    java.util.List resolveTxt(java.lang.String) -> b
    io.grpc.internal.JndiResourceResolverFactory$JndiResourceResolver$SrvRecord parseSrvRecord(java.lang.String) -> c
    java.lang.String unquote(java.lang.String) -> d
io.grpc.internal.JndiResourceResolverFactory$JndiResourceResolver$SrvRecord -> f.b.k1.w0$b$a:
    java.lang.String host -> a
    int port -> b
io.grpc.internal.JndiResourceResolverFactory$RecordFetcher -> f.b.k1.w0$c:
    java.util.List getAllRecords(java.lang.String,java.lang.String) -> a
io.grpc.internal.JsonParser -> f.b.k1.x0:
    java.util.logging.Logger logger -> a
    java.lang.Object parse(java.lang.String) -> a
    java.util.List parseJsonArray(com.google.gson.stream.JsonReader) -> b
    java.lang.Void parseJsonNull(com.google.gson.stream.JsonReader) -> c
    java.util.Map parseJsonObject(com.google.gson.stream.JsonReader) -> d
    java.lang.Object parseRecursive(com.google.gson.stream.JsonReader) -> e
io.grpc.internal.JsonParser$1 -> f.b.k1.x0$a:
    int[] $SwitchMap$com$google$gson$stream$JsonToken -> a
io.grpc.internal.JsonUtil -> f.b.k1.y0:
    long NANOS_PER_SECOND -> a
    java.util.List checkObjectList(java.util.List) -> a
    java.util.List checkStringList(java.util.List) -> b
    boolean durationIsValid(long,int) -> c
    java.lang.Boolean getBoolean(java.util.Map,java.lang.String) -> d
    java.util.List getList(java.util.Map,java.lang.String) -> e
    java.util.List getListOfObjects(java.util.Map,java.lang.String) -> f
    java.util.List getListOfStrings(java.util.Map,java.lang.String) -> g
    java.lang.Double getNumber(java.util.Map,java.lang.String) -> h
    java.lang.Integer getNumberAsInteger(java.util.Map,java.lang.String) -> i
    java.util.Map getObject(java.util.Map,java.lang.String) -> j
    java.lang.String getString(java.util.Map,java.lang.String) -> k
    java.lang.Long getStringAsDuration(java.util.Map,java.lang.String) -> l
    long normalizedDuration(long,int) -> m
    long parseDuration(java.lang.String) -> n
    int parseNanos(java.lang.String) -> o
    long saturatedAdd(long,long) -> p