build/app/outputs/mapping/release/usage.txt
com.xplore24.ekottro.R$xml
com.xplore24.ekottro.R$layout
com.xplore24.ekottro.R$dimen
com.xplore24.ekottro.R$interpolator
com.xplore24.ekottro.R$color
com.xplore24.ekottro.R$animator
com.xplore24.ekottro.R$mipmap
com.xplore24.ekottro.R$integer
com.xplore24.ekottro.R$anim
com.xplore24.ekottro.BuildConfig
com.xplore24.ekottro.R
com.xplore24.ekottro.R$attr
com.xplore24.ekottro.R$bool
com.xplore24.ekottro.R$id
com.xplore24.ekottro.R$styleable
com.xplore24.ekottro.R$drawable
com.xplore24.ekottro.R$string
com.xplore24.ekottro.R$style
com.xplore24.ekottro.R$raw
...
io.flutter.plugins.firebase.auth.FlutterFirebaseAuthPlugin$1:
    public final synthetic io.flutter.plugins.firebase.auth.FlutterFirebaseAuthPlugin this$0
com.google.android.gms.internal.firebase-auth-api.zzbn:
    public static final java.util.concurrent.ConcurrentMap zze
com.google.firebase.storage.StreamDownloadTask$TaskSnapshot:
    public final long mBytesDownloaded
    public final synthetic com.google.firebase.storage.StreamDownloadTask this$0
com.google.android.gms.internal.firebase-auth-api.zzbp:
    public static final com.google.android.gms.internal.firebase-auth-api.zzjn zzd
    public static final com.google.android.gms.internal.firebase-auth-api.zzjn zze
com.google.protobuf.CodedInputStream:
    public boolean shouldDiscardUnknownFields
android.support.v4.media.MediaMetadataCompat:
    public static final java.lang.String[] PREFERRED_DESCRIPTION_ORDER
    public static final java.lang.String[] PREFERRED_BITMAP_ORDER
    public static final java.lang.String[] PREFERRED_URI_ORDER
com.google.android.gms.common.api.internal.zacp:
    public static final com.google.android.gms.common.api.internal.BasePendingResult[] zalc
io.grpc.internal.CallTracer:
    public volatile long lastCallStartedNanos
    public static final io.grpc.internal.CallTracer$Factory DEFAULT_FACTORY
com.google.android.gms.common.GooglePlayServicesUtilLight:
    public static boolean zzav
    public static boolean zzaw
    public static boolean zzax
    public static boolean zzay
androidx.arch.core.executor.ArchTaskExecutor$2
androidx.appcompat.view.menu.ActionMenuItem:
    public android.view.MenuItem$OnMenuItemClickListener mClickListener
me.carda.awesome_notifications.notifications.broadcastReceivers.DismissedNotificationReceiver:
    public static java.lang.String TAG
com.google.android.play.core.install.a
io.flutter.embedding.engine.systemchannels.PlatformViewsChannel$1$1:
    public final synthetic io.flutter.embedding.engine.systemchannels.PlatformViewsChannel$1 this$1
com.google.firebase.storage.network.ResumableUploadCancelRequest:
    public static boolean cancelCalled
com.google.protobuf.OneofInfo
com.flutter_webview_plugin.WebviewManager$6:
    public final synthetic com.flutter_webview_plugin.WebviewManager this$0
com.flutter_webview_plugin.FlutterWebviewPlugin$1:
    public final synthetic com.flutter_webview_plugin.FlutterWebviewPlugin this$0
com.bumptech.glide.manager.RequestManagerRetriever:
    public final androidx.collection.ArrayMap tempViewToSupportFragment
    public final androidx.collection.ArrayMap tempViewToFragment
    public final android.os.Bundle tempBundle
me.carda.awesome_notifications.notifications.NotificationBuilder:
    public static java.lang.String TAG
com.google.android.gms.common.logging.Logger:
    public final com.google.android.gms.common.internal.GmsLogger zzfl
com.google.android.gms.internal.firebase-auth-api.zzic
com.google.android.datatransport.cct.CCTDestination:
    public static final com.google.android.datatransport.cct.CCTDestination INSTANCE
com.google.android.gms.internal.common.zza:
    public static com.google.android.gms.internal.common.zzc zza
androidx.fragment.app.FragmentTransitionImpl$2:
    public final synthetic androidx.fragment.app.FragmentTransitionImpl this$0
com.google.firestore.v1.ListenResponse$ResponseTypeCase:
    public final int value
com.tekartik.sqflite.operation.BatchOperation$BatchOperationResult:
    public final synthetic com.tekartik.sqflite.operation.BatchOperation this$0
com.google.android.gms.internal.firebase-auth-api.zzbo:
    public static final java.nio.charset.Charset zza
com.google.android.gms.common.GooglePlayServicesRepairableException:
    public final int zzas
androidx.fragment.app.Fragment$1
com.google.firebase.auth.internal.zzn:
    public final com.google.firebase.auth.MultiFactorInfo zza
com.google.protobuf.LazyStringArrayList:
    public static final com.google.protobuf.LazyStringList EMPTY